<?xml version="1.0" encoding="UTF-8"?>
<!-- Generated by org.testng.reporters.JUnitXMLReporter -->
<testsuite ignored="0" hostname="QC-MohamedIssa" failures="0" tests="3" name="Default test" time="8.803" errors="0" timestamp="2026-04-04T08:43:46 EET">
  <testcase classname="chapter_three.CompoundLocators" name="testByAll" time="1.236"/>
  <testcase classname="chapter_three.CompoundLocators" name="testByChained" time="0.854"/>
  <testcase classname="chapter_three.CompoundLocators" name="testByIdOrName" time="0.934"/>
</testsuite> <!-- Default test -->
