<?xml version="1.0" encoding="UTF-8"?>
<!-- Generated by org.testng.reporters.JUnitXMLReporter -->
<testsuite ignored="0" hostname="QC-MohamedIssa" failures="0" tests="3" name="Default test" time="5.435" errors="0" timestamp="2026-04-16T06:52:05 EET">
  <testcase classname="chapter_four.TestTakeScreenshots" name="testScreenshotsBase64" time="1.149"/>
  <testcase classname="chapter_four.TestTakeScreenshots" name="testScreenshotsPNG" time="0.725"/>
  <testcase classname="chapter_four.TestTakeScreenshots" name="testWebElementScreenshot" time="0.866"/>
</testsuite> <!-- Default test -->
