<?xml version="1.0" encoding="UTF-8"?>
<!-- Generated by org.testng.reporters.JUnitReportReporter -->
<testsuite hostname="QC-MohamedIssa" failures="0" tests="2" name="chapter_three.SessionIdNGTest" time="7.200" errors="0" timestamp="2026-03-30T12:55:51 EET" skipped="0">
  <testcase classname="chapter_three.SessionIdNGTest" name="testSessionId" time="2.338"/>
  <testcase classname="chapter_three.SessionIdNGTest" name="testBasicMethod" time="4.862"/>
</testsuite> <!-- chapter_three.SessionIdNGTest -->
