<?xml version="1.0" encoding="UTF-8"?>
<!-- Generated by org.testng.reporters.JUnitReportReporter -->
<testsuite hostname="QC-MohamedIssa" failures="0" tests="1" name="chapter_three.location_strategies.TestByCssSelectorBasicNG" time="2.188" errors="0" timestamp="2026-04-01T09:14:58 EET" skipped="0">
  <testcase classname="chapter_three.location_strategies.TestByCssSelectorBasicNG" name="testByCssSelectorBasic" time="2.188"/>
</testsuite> <!-- chapter_three.location_strategies.TestByCssSelectorBasicNG -->
