<?xml version="1.0" encoding="UTF-8"?>
<!-- Generated by org.testng.reporters.JUnitReportReporter -->
<testsuite hostname="QC-MohamedIssa" failures="0" tests="3" name="chapter_four.TestTakeScreenshots" time="5.055" errors="0" timestamp="2026-04-16T06:52:05 EET" skipped="0">
  <testcase classname="chapter_four.TestTakeScreenshots" name="testScreenshotsBase64" time="2.129"/>
  <testcase classname="chapter_four.TestTakeScreenshots" name="testWebElementScreenshot" time="1.566"/>
  <testcase classname="chapter_four.TestTakeScreenshots" name="testScreenshotsPNG" time="1.360"/>
</testsuite> <!-- chapter_four.TestTakeScreenshots -->
