<?xml version="1.0" encoding="UTF-8"?>
<!-- Generated by org.testng.reporters.JUnitReportReporter -->
<testsuite hostname="QC-MohamedIssa" failures="0" tests="2" name="chapter_three.SessionIdNGTest" time="4.636" errors="0" timestamp="2026-03-30T13:09:06 EET" skipped="0">
  <testcase classname="chapter_three.SessionIdNGTest" name="testBasicMethod" time="2.874"/>
  <testcase classname="chapter_three.SessionIdNGTest" name="testSessionId" time="1.762"/>
</testsuite> <!-- chapter_three.SessionIdNGTest -->
