<?xml version="1.0" encoding="UTF-8"?>
<!-- Generated by org.testng.reporters.JUnitReportReporter -->
<testsuite hostname="QC-MohamedIssa" failures="0" tests="3" name="chapter_three.CompoundLocators" time="7.913" errors="0" timestamp="2026-04-04T08:43:47 EET" skipped="0">
  <testcase classname="chapter_three.CompoundLocators" name="testByAll" time="2.853"/>
  <testcase classname="chapter_three.CompoundLocators" name="testByChained" time="2.773"/>
  <testcase classname="chapter_three.CompoundLocators" name="testByIdOrName" time="2.287"/>
</testsuite> <!-- chapter_three.CompoundLocators -->
