<?xml version="1.0" encoding="UTF-8"?>
<!-- Generated by org.testng.reporters.JUnitReportReporter -->
<testsuite hostname="QC-MohamedIssa" failures="0" tests="1" name="chapter_three.location_strategies.TestByCssSelectorAdvanced" time="3.234" errors="0" timestamp="2026-04-01T10:32:19 EET" skipped="0">
  <testcase classname="chapter_three.location_strategies.TestByCssSelectorAdvanced" name="testByCssSelectorAdvanced" time="3.234"/>
</testsuite> <!-- chapter_three.location_strategies.TestByCssSelectorAdvanced -->
