<?xml version="1.0" encoding="UTF-8"?>
<!-- Generated by org.testng.reporters.JUnitReportReporter -->
<testsuite hostname="QC-MohamedIssa" failures="0" tests="2" name="chapter_three.TestExplicitWait" time="21.023" errors="0" timestamp="2026-04-13T07:49:08 EET" skipped="0">
  <testcase classname="chapter_three.TestExplicitWait" name="testExplicitwait" time="10.479"/>
  <testcase classname="chapter_three.TestExplicitWait" name="testFluentwait" time="10.544"/>
</testsuite> <!-- chapter_three.TestExplicitWait -->
